-------------------------------------------------------------------------------
Test set: com.a10.tests.TestRunner
-------------------------------------------------------------------------------
Tests run: 7, Failures: 5, Errors: 0, Skipped: 0, Time elapsed: 15.091 s <<< FAILURE! - in com.a10.tests.TestRunner
[T0.0.3] Login with wrong password(User Login)  Time elapsed: 1.78 s  <<< FAILURE!
java.lang.AssertionError: Expected error message : 'Username and password do not match any user in this service!' not found. Found: Epic sadface: Username and password do not match any user in this service

[T0.0.2] Login with wrong username(User Login)  Time elapsed: 1.91 s  <<< FAILURE!
java.lang.AssertionError: Expected error message : 'Username and password do not match any user in this service!' not found. Found: Epic sadface: Username and password do not match any user in this service

[T0.0.4] Login with no password(User Login)  Time elapsed: 1.782 s  <<< FAILURE!
java.lang.AssertionError: Expected error message : 'You need Password !' not found. Found: Epic sadface: Password is required

[T0.0.5] Login with no username(User Login)  Time elapsed: 1.735 s  <<< FAILURE!
java.lang.AssertionError: Expected error message : 'You need Username !' not found. Found: Epic sadface: Username is required

[T0.0.6] Login with nothing cuz im a dumbass(User Login)  Time elapsed: 1.668 s  <<< FAILURE!
java.lang.AssertionError: Expected error message : 'You need Username & Password !' not found. Found: Epic sadface: Username is required

