<?xml version="1.0" encoding="UTF-8"?>
<testsuite xmlns:xsi="http://www.w3.org/2001/XMLSchema-instance" xsi:noNamespaceSchemaLocation="https://maven.apache.org/surefire/maven-surefire-plugin/xsd/surefire-test-report.xsd" name="com.a10.tests.TestRunner" time="15.091" tests="7" errors="0" skipped="0" failures="5">
  <properties>
[...]
</properties>
  <testcase name="[T0.0.1] Login successful with valid credentials" classname="User Login" time="3.101"/>
  <testcase name="[T0.0.3] Login with wrong password" classname="User Login" time="1.78">
    <failure message="Expected error message : &apos;Username and password do not match any user in this service!&apos; not found. Found: Epic sadface: Username and password do not match any user in this service" type="java.lang.AssertionError">java.lang.AssertionError: Expected error message : 'Username and password do not match any user in this service!' not found. Found: Epic sadface: Username and password do not match any user in this service
</failure>
    <system-out><![CDATA[
@hanriTest
Scenario: [T0.0.3] Login with wrong password                                                        &amp#27;[90m# src/test/resources/a10/login.feature:14&amp#27;[0m
  &amp#27;[32mGiven &amp#27;[0m&amp#27;[32mI am on the login page&amp#27;[0m                                                                      &amp#27;[90m# com.a10.steps.LoginSteps.i_am_on_the_login_page()&amp#27;[0m
  &amp#27;[32mWhen &amp#27;[0m&amp#27;[32mI enter my username &amp#27;[0m&amp#27;[32m&amp#27;[1m"standard_user"&amp#27;[0m&amp#27;[32m and password &amp#27;[0m&amp#27;[32m&amp#27;[1m"wrongpass"&amp#27;[0m                                 &amp#27;[90m# com.a10.steps.LoginSteps.i_enter_my_username_and_password(java.lang.String,java.lang.String)&amp#27;[0m
  &amp#27;[32mAnd &amp#27;[0m&amp#27;[32mI click the login button&amp#27;[0m                                                                      &amp#27;[90m# com.a10.steps.LoginSteps.i_click_the_login_button()&amp#27;[0m
  &amp#27;[31mThen &amp#27;[0m&amp#27;[31mI should see a message saying &amp#27;[0m&amp#27;[31m&amp#27;[1m"Username and password do not match any user in this service!"&amp#27;[0m &amp#27;[90m# com.a10.steps.LoginSteps.i_should_see_a_message_saying(java.lang.String)&amp#27;[0m
      &amp#27;[31mjava.lang.AssertionError: Expected error message : 'Username and password do not match any user in this service!' not found. Found: Epic sadface: Username and password do not match any user in this service
	at org.junit.Assert.fail(Assert.java:89)
	at org.junit.Assert.assertTrue(Assert.java:42)
	at com.a10.steps.LoginSteps.i_should_see_a_message_saying(LoginSteps.java:61)
	at âœ½.I should see a message saying "Username and password do not match any user in this service!"(file:///D:/Kuliah/Semester%206/MVN-Cucumber-Testing/mvn-cucumber-a10/src/test/resources/a10/login.feature:18)
&amp#27;[0m
]]></system-out>
    <system-err><![CDATA[Starting ChromeDriver 124.0.6367.207 (a9001a6e39fbaa559510ca866052950457dd4e6b-refs/branch-heads/6367_201@{#3}) on port 49988
Only local connections are allowed.
Please see https://chromedriver.chromium.org/security-considerations for suggestions on keeping ChromeDriver safe.
ChromeDriver was started successfully.
May 19, 2024 11:27:28 AM org.openqa.selenium.remote.ProtocolHandshake createSession
INFO: Detected dialect: W3C
May 19, 2024 11:27:28 AM org.openqa.selenium.devtools.CdpVersionFinder findNearestMatch
WARNING: Unable to find an exact match for CDP version 124, so returning the closest version found: a no-op implementation
May 19, 2024 11:27:28 AM org.openqa.selenium.devtools.CdpVersionFinder findNearestMatch
INFO: Unable to find CDP implementation matching 124.
May 19, 2024 11:27:28 AM org.openqa.selenium.chromium.ChromiumDriver lambda$new$3
WARNING: Unable to find version of CDP to use for . You may need to include a dependency on a specific version of the CDP using something similar to `org.seleniumhq.selenium:selenium-devtools-v86:4.1.0` where the version ("v86") matches the version of the chromium-based browser you're using and the version number of the artifact is the same as Selenium's.
]]></system-err>
  </testcase>
  <testcase name="[T0.0.2] Login with wrong username" classname="User Login" time="1.91">
    <failure message="Expected error message : &apos;Username and password do not match any user in this service!&apos; not found. Found: Epic sadface: Username and password do not match any user in this service" type="java.lang.AssertionError">java.lang.AssertionError: Expected error message : 'Username and password do not match any user in this service!' not found. Found: Epic sadface: Username and password do not match any user in this service
</failure>
    <system-out><![CDATA[
@hanriTest
Scenario: [T0.0.2] Login with wrong username                                                        &amp#27;[90m# src/test/resources/a10/login.feature:21&amp#27;[0m
  &amp#27;[32mGiven &amp#27;[0m&amp#27;[32mI am on the login page&amp#27;[0m                                                                      &amp#27;[90m# com.a10.steps.LoginSteps.i_am_on_the_login_page()&amp#27;[0m
  &amp#27;[32mWhen &amp#27;[0m&amp#27;[32mI enter my username &amp#27;[0m&amp#27;[32m&amp#27;[1m"ganteng2_bau"&amp#27;[0m&amp#27;[32m and password &amp#27;[0m&amp#27;[32m&amp#27;[1m"wrongpass"&amp#27;[0m                                  &amp#27;[90m# com.a10.steps.LoginSteps.i_enter_my_username_and_password(java.lang.String,java.lang.String)&amp#27;[0m
  &amp#27;[32mAnd &amp#27;[0m&amp#27;[32mI click the login button&amp#27;[0m                                                                      &amp#27;[90m# com.a10.steps.LoginSteps.i_click_the_login_button()&amp#27;[0m
  &amp#27;[31mThen &amp#27;[0m&amp#27;[31mI should see a message saying &amp#27;[0m&amp#27;[31m&amp#27;[1m"Username and password do not match any user in this service!"&amp#27;[0m &amp#27;[90m# com.a10.steps.LoginSteps.i_should_see_a_message_saying(java.lang.String)&amp#27;[0m
      &amp#27;[31mjava.lang.AssertionError: Expected error message : 'Username and password do not match any user in this service!' not found. Found: Epic sadface: Username and password do not match any user in this service
	at org.junit.Assert.fail(Assert.java:89)
	at org.junit.Assert.assertTrue(Assert.java:42)
	at com.a10.steps.LoginSteps.i_should_see_a_message_saying(LoginSteps.java:61)
	at âœ½.I should see a message saying "Username and password do not match any user in this service!"(file:///D:/Kuliah/Semester%206/MVN-Cucumber-Testing/mvn-cucumber-a10/src/test/resources/a10/login.feature:25)
&amp#27;[0m
]]></system-out>
    <system-err><![CDATA[Starting ChromeDriver 124.0.6367.207 (a9001a6e39fbaa559510ca866052950457dd4e6b-refs/branch-heads/6367_201@{#3}) on port 65300
Only local connections are allowed.
Please see https://chromedriver.chromium.org/security-considerations for suggestions on keeping ChromeDriver safe.
ChromeDriver was started successfully.
May 19, 2024 11:27:29 AM org.openqa.selenium.remote.ProtocolHandshake createSession
INFO: Detected dialect: W3C
May 19, 2024 11:27:29 AM org.openqa.selenium.devtools.CdpVersionFinder findNearestMatch
WARNING: Unable to find an exact match for CDP version 124, so returning the closest version found: a no-op implementation
May 19, 2024 11:27:29 AM org.openqa.selenium.devtools.CdpVersionFinder findNearestMatch
INFO: Unable to find CDP implementation matching 124.
May 19, 2024 11:27:29 AM org.openqa.selenium.chromium.ChromiumDriver lambda$new$3
WARNING: Unable to find version of CDP to use for . You may need to include a dependency on a specific version of the CDP using something similar to `org.seleniumhq.selenium:selenium-devtools-v86:4.1.0` where the version ("v86") matches the version of the chromium-based browser you're using and the version number of the artifact is the same as Selenium's.
]]></system-err>
  </testcase>
  <testcase name="[T0.0.4] Login with no password" classname="User Login" time="1.782">
    <failure message="Expected error message : &apos;You need Password !&apos; not found. Found: Epic sadface: Password is required" type="java.lang.AssertionError">java.lang.AssertionError: Expected error message : 'You need Password !' not found. Found: Epic sadface: Password is required
</failure>
    <system-out><![CDATA[
@hanriTest
Scenario: [T0.0.4] Login with no password                  &amp#27;[90m# src/test/resources/a10/login.feature:28&amp#27;[0m
  &amp#27;[32mGiven &amp#27;[0m&amp#27;[32mI am on the login page&amp#27;[0m                             &amp#27;[90m# com.a10.steps.LoginSteps.i_am_on_the_login_page()&amp#27;[0m
  &amp#27;[32mWhen &amp#27;[0m&amp#27;[32mI enter my username &amp#27;[0m&amp#27;[32m&amp#27;[1m"standard_user"&amp#27;[0m&amp#27;[32m and password &amp#27;[0m&amp#27;[32m&amp#27;[1m""&amp#27;[0m &amp#27;[90m# com.a10.steps.LoginSteps.i_enter_my_username_and_password(java.lang.String,java.lang.String)&amp#27;[0m
  &amp#27;[32mAnd &amp#27;[0m&amp#27;[32mI click the login button&amp#27;[0m                             &amp#27;[90m# com.a10.steps.LoginSteps.i_click_the_login_button()&amp#27;[0m
  &amp#27;[31mThen &amp#27;[0m&amp#27;[31mI should see a message saying &amp#27;[0m&amp#27;[31m&amp#27;[1m"You need Password !"&amp#27;[0m &amp#27;[90m# com.a10.steps.LoginSteps.i_should_see_a_message_saying(java.lang.String)&amp#27;[0m
      &amp#27;[31mjava.lang.AssertionError: Expected error message : 'You need Password !' not found. Found: Epic sadface: Password is required
	at org.junit.Assert.fail(Assert.java:89)
	at org.junit.Assert.assertTrue(Assert.java:42)
	at com.a10.steps.LoginSteps.i_should_see_a_message_saying(LoginSteps.java:61)
	at âœ½.I should see a message saying "You need Password !"(file:///D:/Kuliah/Semester%206/MVN-Cucumber-Testing/mvn-cucumber-a10/src/test/resources/a10/login.feature:32)
&amp#27;[0m
]]></system-out>
    <system-err><![CDATA[Starting ChromeDriver 124.0.6367.207 (a9001a6e39fbaa559510ca866052950457dd4e6b-refs/branch-heads/6367_201@{#3}) on port 60261
Only local connections are allowed.
Please see https://chromedriver.chromium.org/security-considerations for suggestions on keeping ChromeDriver safe.
ChromeDriver was started successfully.
May 19, 2024 11:27:31 AM org.openqa.selenium.remote.ProtocolHandshake createSession
INFO: Detected dialect: W3C
May 19, 2024 11:27:31 AM org.openqa.selenium.devtools.CdpVersionFinder findNearestMatch
WARNING: Unable to find an exact match for CDP version 124, so returning the closest version found: a no-op implementation
May 19, 2024 11:27:31 AM org.openqa.selenium.devtools.CdpVersionFinder findNearestMatch
INFO: Unable to find CDP implementation matching 124.
May 19, 2024 11:27:31 AM org.openqa.selenium.chromium.ChromiumDriver lambda$new$3
WARNING: Unable to find version of CDP to use for . You may need to include a dependency on a specific version of the CDP using something similar to `org.seleniumhq.selenium:selenium-devtools-v86:4.1.0` where the version ("v86") matches the version of the chromium-based browser you're using and the version number of the artifact is the same as Selenium's.
]]></system-err>
  </testcase>
  <testcase name="[T0.0.5] Login with no username" classname="User Login" time="1.735">
    <failure message="Expected error message : &apos;You need Username !&apos; not found. Found: Epic sadface: Username is required" type="java.lang.AssertionError">java.lang.AssertionError: Expected error message : 'You need Username !' not found. Found: Epic sadface: Username is required
</failure>
    <system-out><![CDATA[
@hanriTest
Scenario: [T0.0.5] Login with no username                  &amp#27;[90m# src/test/resources/a10/login.feature:35&amp#27;[0m
  &amp#27;[32mGiven &amp#27;[0m&amp#27;[32mI am on the login page&amp#27;[0m                             &amp#27;[90m# com.a10.steps.LoginSteps.i_am_on_the_login_page()&amp#27;[0m
  &amp#27;[32mWhen &amp#27;[0m&amp#27;[32mI enter my username &amp#27;[0m&amp#27;[32m&amp#27;[1m""&amp#27;[0m&amp#27;[32m and password &amp#27;[0m&amp#27;[32m&amp#27;[1m"wrongpass"&amp#27;[0m     &amp#27;[90m# com.a10.steps.LoginSteps.i_enter_my_username_and_password(java.lang.String,java.lang.String)&amp#27;[0m
  &amp#27;[32mAnd &amp#27;[0m&amp#27;[32mI click the login button&amp#27;[0m                             &amp#27;[90m# com.a10.steps.LoginSteps.i_click_the_login_button()&amp#27;[0m
  &amp#27;[31mThen &amp#27;[0m&amp#27;[31mI should see a message saying &amp#27;[0m&amp#27;[31m&amp#27;[1m"You need Username !"&amp#27;[0m &amp#27;[90m# com.a10.steps.LoginSteps.i_should_see_a_message_saying(java.lang.String)&amp#27;[0m
      &amp#27;[31mjava.lang.AssertionError: Expected error message : 'You need Username !' not found. Found: Epic sadface: Username is required
	at org.junit.Assert.fail(Assert.java:89)
	at org.junit.Assert.assertTrue(Assert.java:42)
	at com.a10.steps.LoginSteps.i_should_see_a_message_saying(LoginSteps.java:61)
	at âœ½.I should see a message saying "You need Username !"(file:///D:/Kuliah/Semester%206/MVN-Cucumber-Testing/mvn-cucumber-a10/src/test/resources/a10/login.feature:39)
&amp#27;[0m
]]></system-out>
    <system-err><![CDATA[Starting ChromeDriver 124.0.6367.207 (a9001a6e39fbaa559510ca866052950457dd4e6b-refs/branch-heads/6367_201@{#3}) on port 64606
Only local connections are allowed.
Please see https://chromedriver.chromium.org/security-considerations for suggestions on keeping ChromeDriver safe.
ChromeDriver was started successfully.
May 19, 2024 11:27:33 AM org.openqa.selenium.remote.ProtocolHandshake createSession
INFO: Detected dialect: W3C
May 19, 2024 11:27:33 AM org.openqa.selenium.devtools.CdpVersionFinder findNearestMatch
WARNING: Unable to find an exact match for CDP version 124, so returning the closest version found: a no-op implementation
May 19, 2024 11:27:33 AM org.openqa.selenium.devtools.CdpVersionFinder findNearestMatch
INFO: Unable to find CDP implementation matching 124.
May 19, 2024 11:27:33 AM org.openqa.selenium.chromium.ChromiumDriver lambda$new$3
WARNING: Unable to find version of CDP to use for . You may need to include a dependency on a specific version of the CDP using something similar to `org.seleniumhq.selenium:selenium-devtools-v86:4.1.0` where the version ("v86") matches the version of the chromium-based browser you're using and the version number of the artifact is the same as Selenium's.
]]></system-err>
  </testcase>
  <testcase name="[T0.0.6] Login with nothing cuz im a dumbass" classname="User Login" time="1.668">
    <failure message="Expected error message : &apos;You need Username &amp; Password !&apos; not found. Found: Epic sadface: Username is required" type="java.lang.AssertionError"><![CDATA[java.lang.AssertionError: Expected error message : 'You need Username & Password !' not found. Found: Epic sadface: Username is required
]]></failure>
    <system-out><![CDATA[
@azisTest
Scenario: [T0.0.6] Login with nothing cuz im a dumbass                &amp#27;[90m# src/test/resources/a10/login.feature:42&amp#27;[0m
  &amp#27;[32mGiven &amp#27;[0m&amp#27;[32mI am on the login page&amp#27;[0m                                        &amp#27;[90m# com.a10.steps.LoginSteps.i_am_on_the_login_page()&amp#27;[0m
  &amp#27;[32mWhen &amp#27;[0m&amp#27;[32mI enter my username &amp#27;[0m&amp#27;[32m&amp#27;[1m""&amp#27;[0m&amp#27;[32m and password &amp#27;[0m&amp#27;[32m&amp#27;[1m""&amp#27;[0m                         &amp#27;[90m# com.a10.steps.LoginSteps.i_enter_my_username_and_password(java.lang.String,java.lang.String)&amp#27;[0m
  &amp#27;[32mAnd &amp#27;[0m&amp#27;[32mI click the login button&amp#27;[0m                                        &amp#27;[90m# com.a10.steps.LoginSteps.i_click_the_login_button()&amp#27;[0m
  &amp#27;[31mThen &amp#27;[0m&amp#27;[31mI should see a message saying &amp#27;[0m&amp#27;[31m&amp#27;[1m"You need Username & Password !"&amp#27;[0m &amp#27;[90m# com.a10.steps.LoginSteps.i_should_see_a_message_saying(java.lang.String)&amp#27;[0m
      &amp#27;[31mjava.lang.AssertionError: Expected error message : 'You need Username & Password !' not found. Found: Epic sadface: Username is required
	at org.junit.Assert.fail(Assert.java:89)
	at org.junit.Assert.assertTrue(Assert.java:42)
	at com.a10.steps.LoginSteps.i_should_see_a_message_saying(LoginSteps.java:61)
	at âœ½.I should see a message saying "You need Username & Password !"(file:///D:/Kuliah/Semester%206/MVN-Cucumber-Testing/mvn-cucumber-a10/src/test/resources/a10/login.feature:46)
&amp#27;[0m
]]></system-out>
    <system-err><![CDATA[Starting ChromeDriver 124.0.6367.207 (a9001a6e39fbaa559510ca866052950457dd4e6b-refs/branch-heads/6367_201@{#3}) on port 62948
Only local connections are allowed.
Please see https://chromedriver.chromium.org/security-considerations for suggestions on keeping ChromeDriver safe.
ChromeDriver was started successfully.
May 19, 2024 11:27:35 AM org.openqa.selenium.remote.ProtocolHandshake createSession
INFO: Detected dialect: W3C
May 19, 2024 11:27:35 AM org.openqa.selenium.devtools.CdpVersionFinder findNearestMatch
WARNING: Unable to find an exact match for CDP version 124, so returning the closest version found: a no-op implementation
May 19, 2024 11:27:35 AM org.openqa.selenium.devtools.CdpVersionFinder findNearestMatch
INFO: Unable to find CDP implementation matching 124.
May 19, 2024 11:27:35 AM org.openqa.selenium.chromium.ChromiumDriver lambda$new$3
WARNING: Unable to find version of CDP to use for . You may need to include a dependency on a specific version of the CDP using something similar to `org.seleniumhq.selenium:selenium-devtools-v86:4.1.0` where the version ("v86") matches the version of the chromium-based browser you're using and the version number of the artifact is the same as Selenium's.
]]></system-err>
  </testcase>
  <testcase name="[T0.1.1] Positive logout" classname="User Logout" time="2.509"/>
</testsuite>